\BOOKMARK [0][-]{chapter.1}{\376\377\000I\000n\000t\000r\000o\000d\000u\000\347\000\343\000o}{}% 1
\BOOKMARK [0][-]{chapter.2}{\376\377\000M\000o\000d\000e\000l\000a\000\347\000\343\000o\000\040\000d\000e\000\040\000C\000a\000t\000e\000g\000o\000r\000i\000a\000s}{}% 2
\BOOKMARK [1][-]{section.2.1}{\376\377\000F\000i\000n\000\040\000\050\000C\000o\000n\000j\000u\000n\000t\000o\000s\000\040\000F\000i\000n\000i\000t\000o\000s\000\040\000e\000\040\000A\000p\000l\000i\000c\000a\000\347\000\365\000e\000s\000\040\000T\000o\000t\000a\000i\000s\000\051}{chapter.2}% 3
\BOOKMARK [2][-]{subsection.2.1.1}{\376\377\000O\000b\000j\000e\000t\000o\000s}{section.2.1}% 4
\BOOKMARK [2][-]{subsection.2.1.2}{\376\377\000M\000o\000r\000f\000i\000s\000m\000o\000s}{section.2.1}% 5
\BOOKMARK [1][-]{section.2.2}{\376\377\000S\000u\000b\000\040\000\050\000C\000o\000n\000j\000u\000n\000t\000o\000s\000\040\000F\000i\000n\000i\000t\000o\000s\000\040\000e\000\040\000I\000n\000c\000l\000u\000s\000\365\000e\000s\000\051}{chapter.2}% 6
\BOOKMARK [2][-]{subsection.2.2.1}{\376\377\000O\000b\000j\000e\000t\000o\000s}{section.2.2}% 7
\BOOKMARK [2][-]{subsection.2.2.2}{\376\377\000M\000o\000r\000f\000i\000s\000m\000o\000s}{section.2.2}% 8
\BOOKMARK [1][-]{section.2.3}{\376\377\000P\000a\000r\000\040\000\050\000A\000p\000l\000i\000c\000a\000\347\000\365\000e\000s\000\040\000P\000a\000r\000c\000i\000a\000i\000s\000\051}{chapter.2}% 9
\BOOKMARK [2][-]{subsection.2.3.1}{\376\377\000O\000b\000j\000e\000t\000o\000s}{section.2.3}% 10
\BOOKMARK [2][-]{subsection.2.3.2}{\376\377\000M\000o\000r\000f\000i\000s\000m\000o\000s}{section.2.3}% 11
\BOOKMARK [1][-]{section.2.4}{\376\377\000S\000i\000m\000p\000\040\000\050\000C\000a\000t\000e\000g\000o\000r\000i\000a\000\040\000S\000i\000m\000p\000l\000i\000c\000i\000a\000l\000\051}{chapter.2}% 12
\BOOKMARK [2][-]{subsection.2.4.1}{\376\377\000O\000b\000j\000e\000t\000o\000s}{section.2.4}% 13
\BOOKMARK [2][-]{subsection.2.4.2}{\376\377\000M\000o\000r\000f\000i\000s\000m\000o\000s}{section.2.4}% 14
\BOOKMARK [1][-]{section.2.5}{\376\377\000E\000n\000d\000\040\000\050\000E\000n\000d\000o\000m\000a\000p\000s\000\051}{chapter.2}% 15
\BOOKMARK [2][-]{subsection.2.5.1}{\376\377\000O\000b\000j\000e\000t\000o\000s}{section.2.5}% 16
\BOOKMARK [2][-]{subsection.2.5.2}{\376\377\000M\000o\000r\000f\000i\000s\000m\000o\000s}{section.2.5}% 17
\BOOKMARK [1][-]{section.2.6}{\376\377\000G\000r\000a\000p\000h\000\040\000\050\000D\000i\000r\000e\000c\000t\000e\000d\000\040\000G\000r\000a\000p\000h\000s\000\051}{chapter.2}% 18
\BOOKMARK [2][-]{subsection.2.6.1}{\376\377\000O\000b\000j\000e\000t\000o\000s}{section.2.6}% 19
\BOOKMARK [2][-]{subsection.2.6.2}{\376\377\000M\000o\000r\000f\000i\000s\000m\000o\000s}{section.2.6}% 20
\BOOKMARK [1][-]{section.2.7}{\376\377\000R\000e\000l\000\040\000\050\000R\000e\000l\000a\000t\000i\000o\000n\000s\000\051}{chapter.2}% 21
\BOOKMARK [2][-]{subsection.2.7.1}{\376\377\000O\000b\000j\000e\000t\000o\000s}{section.2.7}% 22
\BOOKMARK [2][-]{subsection.2.7.2}{\376\377\000M\000o\000r\000f\000i\000s\000m\000o\000s}{section.2.7}% 23
\BOOKMARK [1][-]{section.2.8}{\376\377\000P\000r\000e\000O\000r\000d\000\040\000\050\000P\000r\000e\000o\000r\000d\000e\000r\000s\000\051}{chapter.2}% 24
\BOOKMARK [2][-]{subsection.2.8.1}{\376\377\000O\000b\000j\000e\000t\000o\000s}{section.2.8}% 25
\BOOKMARK [2][-]{subsection.2.8.2}{\376\377\000M\000o\000r\000f\000i\000s\000m\000o\000s}{section.2.8}% 26
\BOOKMARK [1][-]{section.2.9}{\376\377\000P\000a\000r\000t\000i\000a\000l\000\040\000O\000r\000d\000e\000r\000s\000\040\000\050\000P\000o\000s\000e\000t\000s\000\051}{chapter.2}% 27
\BOOKMARK [2][-]{subsection.2.9.1}{\376\377\000O\000b\000j\000e\000t\000o\000s}{section.2.9}% 28
\BOOKMARK [2][-]{subsection.2.9.2}{\376\377\000M\000o\000r\000f\000i\000s\000m\000o\000s}{section.2.9}% 29
\BOOKMARK [1][-]{section.2.10}{\376\377\000E\000q\000R\000e\000l\000\040\000\050\000R\000e\000l\000a\000\347\000\365\000e\000s\000\040\000d\000e\000\040\000E\000q\000u\000i\000v\000a\000l\000\352\000n\000c\000i\000a\000\051}{chapter.2}% 30
\BOOKMARK [2][-]{subsection.2.10.1}{\376\377\000O\000b\000j\000e\000t\000o\000s}{section.2.10}% 31
\BOOKMARK [2][-]{subsection.2.10.2}{\376\377\000M\000o\000r\000f\000i\000s\000m\000o\000s}{section.2.10}% 32
\BOOKMARK [1][-]{section.2.11}{\376\377\000M\000o\000n\000\040\000\050\000M\000o\000n\000o\000i\000d\000e\000s\000\040\000F\000i\000n\000i\000t\000o\000s\000\051}{chapter.2}% 33
\BOOKMARK [2][-]{subsection.2.11.1}{\376\377\000O\000b\000j\000e\000t\000o\000s}{section.2.11}% 34
\BOOKMARK [2][-]{subsection.2.11.2}{\376\377\000M\000o\000r\000f\000i\000s\000m\000o\000s}{section.2.11}% 35
\BOOKMARK [1][-]{section.2.12}{\376\377\000M\000a\000g\000\040\000\050\000M\000a\000g\000m\000a\000s\000\040\000F\000i\000n\000i\000t\000o\000s\000\051}{chapter.2}% 36
\BOOKMARK [2][-]{subsection.2.12.1}{\376\377\000O\000b\000j\000e\000t\000o\000s}{section.2.12}% 37
\BOOKMARK [2][-]{subsection.2.12.2}{\376\377\000M\000o\000r\000f\000i\000s\000m\000o\000s}{section.2.12}% 38
\BOOKMARK [1][-]{section.2.13}{\376\377\000D\000I\000M\000a\000g\000\040\000\050\000D\000i\000m\000a\000g\000m\000a\000s\000\040\000F\000i\000n\000i\000t\000o\000s\000\051}{chapter.2}% 39
\BOOKMARK [2][-]{subsection.2.13.1}{\376\377\000O\000b\000j\000e\000t\000o\000s}{section.2.13}% 40
\BOOKMARK [2][-]{subsection.2.13.2}{\376\377\000M\000o\000r\000f\000i\000s\000m\000o\000s}{section.2.13}% 41
\BOOKMARK [1][-]{section.2.14}{\376\377\000V\000e\000c\000t\000\040\000\050\000E\000s\000p\000a\000\347\000o\000s\000\040\000V\000e\000t\000o\000r\000i\000a\000i\000s\000\040\000F\000i\000n\000i\000t\000o\000s\000\040\000s\000o\000b\000r\000e\000\040\000C\000\051}{chapter.2}% 42
\BOOKMARK [2][-]{subsection.2.14.1}{\376\377\000O\000b\000j\000e\000t\000o\000s}{section.2.14}% 43
\BOOKMARK [2][-]{subsection.2.14.2}{\376\377\000M\000o\000r\000f\000i\000s\000m\000o\000s}{section.2.14}% 44
\BOOKMARK [1][-]{section.2.15}{\376\377\000R\000o\000w\000\040\000\050\000M\000a\000t\000r\000i\000z\000e\000s\000\040\000L\000i\000n\000h\000a\000\051}{chapter.2}% 45
\BOOKMARK [2][-]{subsection.2.15.1}{\376\377\000O\000b\000j\000e\000t\000o\000s}{section.2.15}% 46
\BOOKMARK [2][-]{subsection.2.15.2}{\376\377\000M\000o\000r\000f\000i\000s\000m\000o\000s}{section.2.15}% 47
\BOOKMARK [1][-]{section.2.16}{\376\377\000L\000a\000t\000\040\000\050\000R\000e\000t\000i\000c\000u\000l\000a\000d\000o\000s\000\040\000F\000i\000n\000i\000t\000o\000s\000\051}{chapter.2}% 48
\BOOKMARK [2][-]{subsection.2.16.1}{\376\377\000O\000b\000j\000e\000t\000o\000s}{section.2.16}% 49
\BOOKMARK [2][-]{subsection.2.16.2}{\376\377\000M\000o\000r\000f\000i\000s\000m\000o\000s}{section.2.16}% 50
\BOOKMARK [1][-]{section.2.17}{\376\377\000D\000L\000a\000t\000\040\000\050\000L\000a\000t\000i\000c\000e\000s\000\040\000D\000i\000s\000t\000r\000i\000b\000u\000t\000i\000v\000o\000s\000\051}{chapter.2}% 51
\BOOKMARK [2][-]{subsection.2.17.1}{\376\377\000O\000b\000j\000e\000t\000o\000s}{section.2.17}% 52
\BOOKMARK [2][-]{subsection.2.17.2}{\376\377\000M\000o\000r\000f\000i\000s\000m\000o\000s}{section.2.17}% 53
\BOOKMARK [1][-]{section.2.18}{\376\377\000B\000o\000o\000l\000\040\000\050\000\301\000l\000g\000e\000b\000r\000a\000s\000\040\000d\000e\000\040\000B\000o\000o\000l\000e\000a\000n\000\051}{chapter.2}% 54
\BOOKMARK [2][-]{subsection.2.18.1}{\376\377\000O\000b\000j\000e\000t\000o\000s}{section.2.18}% 55
\BOOKMARK [2][-]{subsection.2.18.2}{\376\377\000M\000o\000r\000f\000i\000s\000m\000o\000s}{section.2.18}% 56
\BOOKMARK [1][-]{section.2.19}{\376\377\000O\000r\000d\000M\000o\000n\000\040\000\050\000M\000o\000n\000o\000i\000d\000e\000s\000\040\000O\000r\000d\000e\000n\000a\000d\000o\000s\000\051}{chapter.2}% 57
\BOOKMARK [2][-]{subsection.2.19.1}{\376\377\000O\000b\000j\000e\000t\000o\000s}{section.2.19}% 58
\BOOKMARK [2][-]{subsection.2.19.2}{\376\377\000M\000o\000r\000f\000i\000s\000m\000o\000s}{section.2.19}% 59
\BOOKMARK [1][-]{section.2.20}{\376\377\000T\000r\000e\000e\000s\000\040\000\050\000\301\000r\000v\000o\000r\000e\000s\000\040\000B\000i\000n\000\341\000r\000i\000a\000s\000\051}{chapter.2}% 60
\BOOKMARK [2][-]{subsection.2.20.1}{\376\377\000O\000b\000j\000e\000t\000o\000s}{section.2.20}% 61
\BOOKMARK [2][-]{subsection.2.20.2}{\376\377\000M\000o\000r\000f\000i\000s\000m\000o\000s}{section.2.20}% 62
\BOOKMARK [1][-]{section.2.21}{\376\377\000T\000u\000r\000i\000n\000g\000\040\000M\000a\000c\000h\000i\000n\000e\000s\000\040\000\050\000M\000\341\000q\000u\000i\000n\000a\000s\000\040\000d\000e\000\040\000T\000u\000r\000i\000n\000g\000\051}{chapter.2}% 63
\BOOKMARK [2][-]{subsection.2.21.1}{\376\377\000O\000b\000j\000e\000t\000o\000s}{section.2.21}% 64
\BOOKMARK [2][-]{subsection.2.21.2}{\376\377\000M\000o\000r\000f\000i\000s\000m\000o\000s}{section.2.21}% 65
\BOOKMARK [1][-]{section.2.22}{\376\377\000S\000t\000r\000u\000c\000t\000\040\000\050\000C\000o\000n\000j\000u\000n\000t\000o\000s\000\040\000E\000s\000t\000r\000u\000t\000u\000r\000a\000d\000o\000s\000\051}{chapter.2}% 66
\BOOKMARK [2][-]{subsection.2.22.1}{\376\377\000O\000b\000j\000e\000t\000o\000s}{section.2.22}% 67
\BOOKMARK [2][-]{subsection.2.22.2}{\376\377\000M\000o\000r\000f\000i\000s\000m\000o\000s}{section.2.22}% 68
\BOOKMARK [0][-]{chapter.3}{\376\377\000C\000o\000n\000s\000t\000r\000u\000\347\000\365\000e\000s\000\040\000e\000\040\000F\000u\000n\000t\000o\000r\000e\000s}{}% 69
\BOOKMARK [1][-]{section.3.1}{\376\377\000C\000o\000n\000s\000t\000r\000u\000\347\000\365\000e\000s\000\040\000e\000m\000\040\000F\000i\000n}{chapter.3}% 70
\BOOKMARK [2][-]{subsection.3.1.1}{\376\377\000F\000u\000n\000d\000a\000m\000e\000n\000t\000a\000\347\000\343\000o\000\040\000T\000e\000\363\000r\000i\000c\000a}{section.3.1}% 71
\BOOKMARK [2][-]{subsection.3.1.2}{\376\377\000I\000m\000p\000l\000e\000m\000e\000n\000t\000a\000\347\000\343\000o\000\040\000C\000o\000m\000p\000u\000t\000a\000c\000i\000o\000n\000a\000l}{section.3.1}% 72
\BOOKMARK [1][-]{section.3.2}{\376\377\000C\000o\000n\000s\000t\000r\000u\000\347\000\365\000e\000s\000\040\000e\000m\000\040\000S\000u\000b}{chapter.3}% 73
\BOOKMARK [2][-]{subsection.3.2.1}{\376\377\000F\000u\000n\000d\000a\000m\000e\000n\000t\000a\000\347\000\343\000o\000\040\000T\000e\000\363\000r\000i\000c\000a}{section.3.2}% 74
\BOOKMARK [2][-]{subsection.3.2.2}{\376\377\000I\000m\000p\000l\000e\000m\000e\000n\000t\000a\000\347\000\343\000o\000\040\000C\000o\000m\000p\000u\000t\000a\000c\000i\000o\000n\000a\000l}{section.3.2}% 75
\BOOKMARK [1][-]{section.3.3}{\376\377\000C\000o\000n\000s\000t\000r\000u\000\347\000\365\000e\000s\000\040\000e\000m\000\040\000P\000a\000r}{chapter.3}% 76
\BOOKMARK [2][-]{subsection.3.3.1}{\376\377\000F\000u\000n\000d\000a\000m\000e\000n\000t\000a\000\347\000\343\000o\000\040\000T\000e\000\363\000r\000i\000c\000a}{section.3.3}% 77
\BOOKMARK [2][-]{subsection.3.3.2}{\376\377\000I\000m\000p\000l\000e\000m\000e\000n\000t\000a\000\347\000\343\000o\000\040\000C\000o\000m\000p\000u\000t\000a\000c\000i\000o\000n\000a\000l}{section.3.3}% 78
\BOOKMARK [1][-]{section.3.4}{\376\377\000C\000o\000n\000s\000t\000r\000u\000\347\000\365\000e\000s\000\040\000e\000m\000\040\000S\000i\000m\000p}{chapter.3}% 79
\BOOKMARK [2][-]{subsection.3.4.1}{\376\377\000F\000u\000n\000d\000a\000m\000e\000n\000t\000a\000\347\000\343\000o\000\040\000T\000e\000\363\000r\000i\000c\000a}{section.3.4}% 80
\BOOKMARK [2][-]{subsection.3.4.2}{\376\377\000I\000m\000p\000l\000e\000m\000e\000n\000t\000a\000\347\000\343\000o\000\040\000C\000o\000m\000p\000u\000t\000a\000c\000i\000o\000n\000a\000l}{section.3.4}% 81
\BOOKMARK [1][-]{section.3.5}{\376\377\000E\000n\000d\000\040\000\050\000E\000n\000d\000o\000m\000a\000p\000s\000\051}{chapter.3}% 82
\BOOKMARK [2][-]{subsection.3.5.1}{\376\377\000F\000u\000n\000d\000a\000m\000e\000n\000t\000a\000\347\000\343\000o\000\040\000T\000e\000\363\000r\000i\000c\000a}{section.3.5}% 83
\BOOKMARK [2][-]{subsection.3.5.2}{\376\377\000I\000m\000p\000l\000e\000m\000e\000n\000t\000a\000\347\000\343\000o\000\040\000C\000o\000m\000p\000u\000t\000a\000c\000i\000o\000n\000a\000l}{section.3.5}% 84
\BOOKMARK [1][-]{section.3.6}{\376\377\000G\000r\000a\000p\000h\000\040\000\050\000D\000i\000r\000e\000c\000t\000e\000d\000\040\000G\000r\000a\000p\000h\000s\000\051}{chapter.3}% 85
\BOOKMARK [2][-]{subsection.3.6.1}{\376\377\000F\000u\000n\000d\000a\000m\000e\000n\000t\000a\000\347\000\343\000o\000\040\000T\000e\000\363\000r\000i\000c\000a}{section.3.6}% 86
\BOOKMARK [2][-]{subsection.3.6.2}{\376\377\000I\000m\000p\000l\000e\000m\000e\000n\000t\000a\000\347\000\343\000o\000\040\000C\000o\000m\000p\000u\000t\000a\000c\000i\000o\000n\000a\000l}{section.3.6}% 87
\BOOKMARK [1][-]{section.3.7}{\376\377\000R\000e\000l\000\040\000\050\000R\000e\000l\000a\000t\000i\000o\000n\000s\000\051}{chapter.3}% 88
\BOOKMARK [2][-]{subsection.3.7.1}{\376\377\000F\000u\000n\000d\000a\000m\000e\000n\000t\000a\000\347\000\343\000o\000\040\000T\000e\000\363\000r\000i\000c\000a}{section.3.7}% 89
\BOOKMARK [2][-]{subsection.3.7.2}{\376\377\000I\000m\000p\000l\000e\000m\000e\000n\000t\000a\000\347\000\343\000o\000\040\000C\000o\000m\000p\000u\000t\000a\000c\000i\000o\000n\000a\000l}{section.3.7}% 90
\BOOKMARK [1][-]{section.3.8}{\376\377\000P\000r\000e\000O\000r\000d\000\040\000\050\000P\000r\000e\000o\000r\000d\000e\000r\000s\000\051}{chapter.3}% 91
\BOOKMARK [2][-]{subsection.3.8.1}{\376\377\000F\000u\000n\000d\000a\000m\000e\000n\000t\000a\000\347\000\343\000o\000\040\000T\000e\000\363\000r\000i\000c\000a}{section.3.8}% 92
\BOOKMARK [2][-]{subsection.3.8.2}{\376\377\000I\000m\000p\000l\000e\000m\000e\000n\000t\000a\000\347\000\343\000o\000\040\000C\000o\000m\000p\000u\000t\000a\000c\000i\000o\000n\000a\000l}{section.3.8}% 93
\BOOKMARK [1][-]{section.3.9}{\376\377\000P\000a\000r\000t\000i\000a\000l\000\040\000O\000r\000d\000e\000r\000s\000\040\000\050\000P\000o\000s\000e\000t\000s\000\051}{chapter.3}% 94
\BOOKMARK [2][-]{subsection.3.9.1}{\376\377\000F\000u\000n\000d\000a\000m\000e\000n\000t\000a\000\347\000\343\000o\000\040\000T\000e\000\363\000r\000i\000c\000a}{section.3.9}% 95
\BOOKMARK [2][-]{subsection.3.9.2}{\376\377\000I\000m\000p\000l\000e\000m\000e\000n\000t\000a\000\347\000\343\000o\000\040\000C\000o\000m\000p\000u\000t\000a\000c\000i\000o\000n\000a\000l}{section.3.9}% 96
\BOOKMARK [1][-]{section.3.10}{\376\377\000E\000q\000R\000e\000l\000\040\000\050\000R\000e\000l\000a\000\347\000\365\000e\000s\000\040\000d\000e\000\040\000E\000q\000u\000i\000v\000a\000l\000\352\000n\000c\000i\000a\000\051}{chapter.3}% 97
\BOOKMARK [2][-]{subsection.3.10.1}{\376\377\000F\000u\000n\000d\000a\000m\000e\000n\000t\000a\000\347\000\343\000o\000\040\000T\000e\000\363\000r\000i\000c\000a}{section.3.10}% 98
\BOOKMARK [2][-]{subsection.3.10.2}{\376\377\000I\000m\000p\000l\000e\000m\000e\000n\000t\000a\000\347\000\343\000o\000\040\000C\000o\000m\000p\000u\000t\000a\000c\000i\000o\000n\000a\000l}{section.3.10}% 99
\BOOKMARK [1][-]{section.3.11}{\376\377\000M\000o\000n\000\040\000\050\000M\000o\000n\000o\000i\000d\000e\000s\000\040\000F\000i\000n\000i\000t\000o\000s\000\051}{chapter.3}% 100
\BOOKMARK [2][-]{subsection.3.11.1}{\376\377\000F\000u\000n\000d\000a\000m\000e\000n\000t\000a\000\347\000\343\000o\000\040\000T\000e\000\363\000r\000i\000c\000a}{section.3.11}% 101
\BOOKMARK [2][-]{subsection.3.11.2}{\376\377\000I\000m\000p\000l\000e\000m\000e\000n\000t\000a\000\347\000\343\000o\000\040\000C\000o\000m\000p\000u\000t\000a\000c\000i\000o\000n\000a\000l}{section.3.11}% 102
\BOOKMARK [1][-]{section.3.12}{\376\377\000L\000a\000t\000\040\000\050\000R\000e\000t\000i\000c\000u\000l\000a\000d\000o\000s\000\040\000F\000i\000n\000i\000t\000o\000s\000\051}{chapter.3}% 103
\BOOKMARK [2][-]{subsection.3.12.1}{\376\377\000F\000u\000n\000d\000a\000m\000e\000n\000t\000a\000\347\000\343\000o\000\040\000T\000e\000\363\000r\000i\000c\000a}{section.3.12}% 104
\BOOKMARK [2][-]{subsection.3.12.2}{\376\377\000I\000m\000p\000l\000e\000m\000e\000n\000t\000a\000\347\000\343\000o\000\040\000C\000o\000m\000p\000u\000t\000a\000c\000i\000o\000n\000a\000l}{section.3.12}% 105
\BOOKMARK [1][-]{section.3.13}{\376\377\000B\000o\000o\000l\000\040\000\050\000\301\000l\000g\000e\000b\000r\000a\000s\000\040\000d\000e\000\040\000B\000o\000o\000l\000e\000a\000n\000\051}{chapter.3}% 106
\BOOKMARK [2][-]{subsection.3.13.1}{\376\377\000F\000u\000n\000d\000a\000m\000e\000n\000t\000a\000\347\000\343\000o\000\040\000T\000e\000\363\000r\000i\000c\000a}{section.3.13}% 107
\BOOKMARK [2][-]{subsection.3.13.2}{\376\377\000I\000m\000p\000l\000e\000m\000e\000n\000t\000a\000\347\000\343\000o\000\040\000C\000o\000m\000p\000u\000t\000a\000c\000i\000o\000n\000a\000l}{section.3.13}% 108
\BOOKMARK [1][-]{section.3.14}{\376\377\000O\000r\000d\000M\000o\000n\000\040\000\050\000M\000o\000n\000o\000i\000d\000e\000s\000\040\000O\000r\000d\000e\000n\000a\000d\000o\000s\000\051}{chapter.3}% 109
\BOOKMARK [2][-]{subsection.3.14.1}{\376\377\000F\000u\000n\000d\000a\000m\000e\000n\000t\000a\000\347\000\343\000o\000\040\000T\000e\000\363\000r\000i\000c\000a}{section.3.14}% 110
\BOOKMARK [2][-]{subsection.3.14.2}{\376\377\000I\000m\000p\000l\000e\000m\000e\000n\000t\000a\000\347\000\343\000o\000\040\000C\000o\000m\000p\000u\000t\000a\000c\000i\000o\000n\000a\000l}{section.3.14}% 111
\BOOKMARK [1][-]{section.3.15}{\376\377\000T\000r\000e\000e\000s\000\040\000\050\000\301\000r\000v\000o\000r\000e\000s\000\040\000B\000i\000n\000\341\000r\000i\000a\000s\000\051}{chapter.3}% 112
\BOOKMARK [2][-]{subsection.3.15.1}{\376\377\000F\000u\000n\000d\000a\000m\000e\000n\000t\000a\000\347\000\343\000o\000\040\000T\000e\000\363\000r\000i\000c\000a}{section.3.15}% 113
\BOOKMARK [2][-]{subsection.3.15.2}{\376\377\000I\000m\000p\000l\000e\000m\000e\000n\000t\000a\000\347\000\343\000o\000\040\000C\000o\000m\000p\000u\000t\000a\000c\000i\000o\000n\000a\000l}{section.3.15}% 114
\BOOKMARK [1][-]{section.3.16}{\376\377\000T\000u\000r\000i\000n\000g\000\040\000M\000a\000c\000h\000i\000n\000e\000s\000\040\000\050\000M\000\341\000q\000u\000i\000n\000a\000s\000\040\000d\000e\000\040\000T\000u\000r\000i\000n\000g\000\051}{chapter.3}% 115
\BOOKMARK [2][-]{subsection.3.16.1}{\376\377\000F\000u\000n\000d\000a\000m\000e\000n\000t\000a\000\347\000\343\000o\000\040\000T\000e\000\363\000r\000i\000c\000a}{section.3.16}% 116
\BOOKMARK [2][-]{subsection.3.16.2}{\376\377\000I\000m\000p\000l\000e\000m\000e\000n\000t\000a\000\347\000\343\000o\000\040\000C\000o\000m\000p\000u\000t\000a\000c\000i\000o\000n\000a\000l}{section.3.16}% 117
\BOOKMARK [1][-]{section.3.17}{\376\377\000S\000t\000r\000u\000c\000t\000\040\000\050\000C\000o\000n\000j\000u\000n\000t\000o\000s\000\040\000E\000s\000t\000r\000u\000t\000u\000r\000a\000d\000o\000s\000\051}{chapter.3}% 118
\BOOKMARK [2][-]{subsection.3.17.1}{\376\377\000F\000u\000n\000d\000a\000m\000e\000n\000t\000a\000\347\000\343\000o\000\040\000T\000e\000\363\000r\000i\000c\000a}{section.3.17}% 119
\BOOKMARK [2][-]{subsection.3.17.2}{\376\377\000I\000m\000p\000l\000e\000m\000e\000n\000t\000a\000\347\000\343\000o\000\040\000C\000o\000m\000p\000u\000t\000a\000c\000i\000o\000n\000a\000l}{section.3.17}% 120
\BOOKMARK [1][-]{section.3.18}{\376\377\000F\000u\000n\000t\000o\000r\000\040\000F\000:\000\040\000F\000i\000n\000\040\000-\000>\000\040\000V\000e\000c\000t}{chapter.3}% 121
\BOOKMARK [2][-]{subsection.3.18.1}{\376\377\000D\000e\000s\000c\000r\000i\000\347\000\343\000o\000\040\000d\000a\000s\000\040\000C\000a\000t\000e\000g\000o\000r\000i\000a\000s}{section.3.18}% 122
\BOOKMARK [2][-]{subsection.3.18.2}{\376\377\000F\000u\000n\000t\000o\000r\000\040\000C\000o\000v\000a\000r\000i\000a\000n\000t\000e\000\040\000F\000:\000\040\000F\000i\000n\000\040\000-\000>\000\040\000V\000e\000c\000t\000\040\000\050\000F\000u\000n\000t\000o\000r\000\040\000L\000i\000v\000r\000e\000\051}{section.3.18}% 123
\BOOKMARK [2][-]{subsection.3.18.3}{\376\377\000F\000u\000n\000t\000o\000r\000\040\000d\000e\000\040\000E\000s\000q\000u\000e\000c\000i\000m\000e\000n\000t\000o\000\040\000U\000:\000\040\000V\000e\000c\000t\000\040\000-\000>\000\040\000F\000i\000n}{section.3.18}% 124
\BOOKMARK [2][-]{subsection.3.18.4}{\376\377\000T\000r\000a\000n\000s\000f\000o\000r\000m\000a\000\347\000\365\000e\000s\000\040\000N\000a\000t\000u\000r\000a\000i\000s\000\040\000e\000t\000a\000:\000\040\000F\000\040\000=\000>\000\040\000G}{section.3.18}% 125
\BOOKMARK [1][-]{section.3.19}{\376\377\000F\000u\000n\000t\000o\000r\000\040\000P\000:\000\040\000F\000i\000n\000\040\000-\000>\000\040\000S\000u\000b}{chapter.3}% 126
\BOOKMARK [2][-]{subsection.3.19.1}{\376\377\000D\000e\000s\000c\000r\000i\000\347\000\343\000o\000\040\000d\000a\000s\000\040\000C\000a\000t\000e\000g\000o\000r\000i\000a\000s}{section.3.19}% 127
\BOOKMARK [2][-]{subsection.3.19.2}{\376\377\000F\000u\000n\000t\000o\000r\000\040\000C\000o\000v\000a\000r\000i\000a\000n\000t\000e\000\040\000P\000:\000\040\000F\000i\000n\000\040\000-\000>\000\040\000S\000u\000b\000\040\000\050\000C\000o\000n\000j\000u\000n\000t\000o\000\040\000d\000a\000s\000\040\000P\000a\000r\000t\000e\000s\000\051}{section.3.19}% 128
\BOOKMARK [2][-]{subsection.3.19.3}{\376\377\000F\000u\000n\000t\000o\000r\000\040\000d\000e\000\040\000E\000s\000q\000u\000e\000c\000i\000m\000e\000n\000t\000o\000\040\000U\000:\000\040\000S\000u\000b\000\040\000-\000>\000\040\000F\000i\000n}{section.3.19}% 129
\BOOKMARK [2][-]{subsection.3.19.4}{\376\377\000F\000u\000n\000t\000o\000r\000\040\000C\000o\000n\000t\000r\000a\000v\000a\000r\000i\000a\000n\000t\000e\000\040\000P\000*\000:\000\040\000F\000i\000n\000\364\000p\000\040\000-\000>\000\040\000S\000u\000b\000\040\000\050\000I\000m\000a\000g\000e\000m\000\040\000I\000n\000v\000e\000r\000s\000a\000\051}{section.3.19}% 130
\BOOKMARK [2][-]{subsection.3.19.5}{\376\377\000T\000r\000a\000n\000s\000f\000o\000r\000m\000a\000\347\000\365\000e\000s\000\040\000N\000a\000t\000u\000r\000a\000i\000s\000\040\000e\000n\000t\000r\000e\000\040\000F\000u\000n\000t\000o\000r\000e\000s\000\040\000F\000i\000n\000\040\000-\000>\000\040\000S\000u\000b}{section.3.19}% 131
\BOOKMARK [1][-]{section.3.20}{\376\377\000F\000u\000n\000t\000o\000r\000\040\000I\000:\000\040\000F\000i\000n\000\040\000-\000>\000\040\000P\000a\000r}{chapter.3}% 132
\BOOKMARK [2][-]{subsection.3.20.1}{\376\377\000D\000e\000s\000c\000r\000i\000\347\000\343\000o\000\040\000d\000a\000s\000\040\000C\000a\000t\000e\000g\000o\000r\000i\000a\000s}{section.3.20}% 133
\BOOKMARK [2][-]{subsection.3.20.2}{\376\377\000C\000o\000m\000p\000o\000s\000i\000\347\000\343\000o\000\040\000e\000m\000\040\000P\000a\000r}{section.3.20}% 134
\BOOKMARK [2][-]{subsection.3.20.3}{\376\377\000F\000u\000n\000t\000o\000r\000\040\000d\000e\000\040\000I\000n\000c\000l\000u\000s\000\343\000o\000\040\000I\000:\000\040\000F\000i\000n\000\040\000-\000>\000\040\000P\000a\000r}{section.3.20}% 135
\BOOKMARK [2][-]{subsection.3.20.4}{\376\377\000T\000r\000a\000n\000s\000f\000o\000r\000m\000a\000\347\000\365\000e\000s\000\040\000N\000a\000t\000u\000r\000a\000i\000s\000\040\000e\000n\000t\000r\000e\000\040\000F\000u\000n\000t\000o\000r\000e\000s\000\040\000F\000i\000n\000\040\000-\000>\000\040\000P\000a\000r}{section.3.20}% 136
\BOOKMARK [1][-]{section.3.21}{\376\377\000F\000u\000n\000t\000o\000r\000\040\000F\000:\000\040\000S\000u\000b\000\040\000-\000>\000\040\000R\000e\000l}{chapter.3}% 137
\BOOKMARK [2][-]{subsection.3.21.1}{\376\377\000D\000e\000s\000c\000r\000i\000\347\000\343\000o\000\040\000d\000a\000s\000\040\000C\000a\000t\000e\000g\000o\000r\000i\000a\000s}{section.3.21}% 138
\BOOKMARK [2][-]{subsection.3.21.2}{\376\377\000F\000u\000n\000t\000o\000r\000\040\000C\000o\000v\000a\000r\000i\000a\000n\000t\000e\000\040\000F\000:\000\040\000S\000u\000b\000\040\000-\000>\000\040\000R\000e\000l}{section.3.21}% 139
\BOOKMARK [2][-]{subsection.3.21.3}{\376\377\000T\000r\000a\000n\000s\000f\000o\000r\000m\000a\000\347\000\365\000e\000s\000\040\000N\000a\000t\000u\000r\000a\000i\000s\000\040\000a\000l\000p\000h\000a\000:\000\040\000F\0001\000\040\000=\000>\000\040\000F\0002}{section.3.21}% 140
\BOOKMARK [1][-]{section.3.22}{\376\377\000F\000u\000n\000t\000o\000r\000\040\000G\000:\000\040\000P\000a\000r\000\040\000-\000>\000\040\000R\000e\000l}{chapter.3}% 141
\BOOKMARK [2][-]{subsection.3.22.1}{\376\377\000D\000e\000s\000c\000r\000i\000\347\000\343\000o\000\040\000d\000a\000s\000\040\000C\000a\000t\000e\000g\000o\000r\000i\000a\000s}{section.3.22}% 142
\BOOKMARK [2][-]{subsection.3.22.2}{\376\377\000F\000u\000n\000t\000o\000r\000\040\000C\000o\000v\000a\000r\000i\000a\000n\000t\000e\000\040\000G\000:\000\040\000P\000a\000r\000\040\000-\000>\000\040\000R\000e\000l}{section.3.22}% 143
\BOOKMARK [2][-]{subsection.3.22.3}{\376\377\000T\000r\000a\000n\000s\000f\000o\000r\000m\000a\000\347\000\365\000e\000s\000\040\000N\000a\000t\000u\000r\000a\000i\000s\000\040\000b\000e\000t\000a\000:\000\040\000G\0001\000\040\000=\000>\000\040\000G\0002}{section.3.22}% 144
\BOOKMARK [1][-]{section.3.23}{\376\377\000F\000u\000n\000t\000o\000r\000\040\000H\000:\000\040\000E\000n\000d\000\040\000-\000>\000\040\000G\000r\000a\000p\000h}{chapter.3}% 145
\BOOKMARK [2][-]{subsection.3.23.1}{\376\377\000D\000e\000s\000c\000r\000i\000\347\000\343\000o\000\040\000d\000a\000s\000\040\000C\000a\000t\000e\000g\000o\000r\000i\000a\000s}{section.3.23}% 146
\BOOKMARK [2][-]{subsection.3.23.2}{\376\377\000F\000u\000n\000t\000o\000r\000\040\000C\000o\000v\000a\000r\000i\000a\000n\000t\000e\000\040\000H\000:\000\040\000E\000n\000d\000\040\000-\000>\000\040\000G\000r\000a\000p\000h}{section.3.23}% 147
\BOOKMARK [2][-]{subsection.3.23.3}{\376\377\000T\000r\000a\000n\000s\000f\000o\000r\000m\000a\000\347\000\365\000e\000s\000\040\000N\000a\000t\000u\000r\000a\000i\000s\000\040\000g\000a\000m\000m\000a\000:\000\040\000H\0001\000\040\000=\000>\000\040\000H\0002}{section.3.23}% 148
\BOOKMARK [1][-]{section.3.24}{\376\377\000F\000u\000n\000t\000o\000r\000\040\000F\000:\000\040\000R\000e\000l\000\040\000-\000>\000\040\000F\000i\000n}{chapter.3}% 149
\BOOKMARK [2][-]{subsection.3.24.1}{\376\377\000F\000u\000n\000d\000a\000m\000e\000n\000t\000a\000\347\000\343\000o\000\040\000T\000e\000\363\000r\000i\000c\000a}{section.3.24}% 150
\BOOKMARK [2][-]{subsection.3.24.2}{\376\377\000F\000u\000n\000t\000o\000r\000\040\000C\000o\000v\000a\000r\000i\000a\000n\000t\000e\000\040\000F\000:\000\040\000R\000e\000l\000\040\000-\000>\000\040\000F\000i\000n}{section.3.24}% 151
\BOOKMARK [2][-]{subsection.3.24.3}{\376\377\000F\000u\000n\000t\000o\000r\000\040\000C\000o\000n\000t\000r\000a\000v\000a\000r\000i\000a\000n\000t\000e\000\040\040\024\000\040\000A\000n\000\341\000l\000i\000s\000e\000\040\000d\000e\000\040\000E\000x\000i\000s\000t\000\352\000n\000c\000i\000a}{section.3.24}% 152
\BOOKMARK [2][-]{subsection.3.24.4}{\376\377\000T\000r\000a\000n\000s\000f\000o\000r\000m\000a\000\347\000\365\000e\000s\000\040\000N\000a\000t\000u\000r\000a\000i\000s}{section.3.24}% 153
\BOOKMARK [1][-]{section.3.25}{\376\377\000F\000u\000n\000t\000o\000r\000\040\000F\000:\000\040\000S\000i\000m\000p\000\040\000-\000>\000\040\000P\000r\000e\000O\000r\000d}{chapter.3}% 154
\BOOKMARK [2][-]{subsection.3.25.1}{\376\377\000F\000u\000n\000d\000a\000m\000e\000n\000t\000a\000\347\000\343\000o\000\040\000T\000e\000\363\000r\000i\000c\000a}{section.3.25}% 155
\BOOKMARK [2][-]{subsection.3.25.2}{\376\377\000F\000u\000n\000t\000o\000r\000\040\000C\000o\000v\000a\000r\000i\000a\000n\000t\000e\000\040\000F\000:\000\040\000S\000i\000m\000p\000\040\000-\000>\000\040\000P\000r\000e\000O\000r\000d}{section.3.25}% 156
\BOOKMARK [2][-]{subsection.3.25.3}{\376\377\000F\000u\000n\000t\000o\000r\000\040\000C\000o\000n\000t\000r\000a\000v\000a\000r\000i\000a\000n\000t\000e\000\040\040\024\000\040\000A\000n\000\341\000l\000i\000s\000e\000\040\000d\000e\000\040\000E\000x\000i\000s\000t\000\352\000n\000c\000i\000a}{section.3.25}% 157
\BOOKMARK [2][-]{subsection.3.25.4}{\376\377\000T\000r\000a\000n\000s\000f\000o\000r\000m\000a\000\347\000\365\000e\000s\000\040\000N\000a\000t\000u\000r\000a\000i\000s}{section.3.25}% 158
\BOOKMARK [1][-]{section.3.26}{\376\377\000F\000u\000n\000t\000o\000r\000\040\000F\000:\000\040\000G\000r\000a\000p\000h\000\040\000-\000>\000\040\000R\000e\000l}{chapter.3}% 159
\BOOKMARK [2][-]{subsection.3.26.1}{\376\377\000F\000u\000n\000d\000a\000m\000e\000n\000t\000a\000\347\000\343\000o\000\040\000T\000e\000\363\000r\000i\000c\000a}{section.3.26}% 160
\BOOKMARK [2][-]{subsection.3.26.2}{\376\377\000F\000u\000n\000t\000o\000r\000\040\000C\000o\000v\000a\000r\000i\000a\000n\000t\000e\000\040\000F\000:\000\040\000G\000r\000a\000p\000h\000\040\000-\000>\000\040\000R\000e\000l}{section.3.26}% 161
\BOOKMARK [2][-]{subsection.3.26.3}{\376\377\000F\000u\000n\000t\000o\000r\000\040\000C\000o\000n\000t\000r\000a\000v\000a\000r\000i\000a\000n\000t\000e\000\040\040\024\000\040\000A\000n\000\341\000l\000i\000s\000e\000\040\000d\000e\000\040\000E\000x\000i\000s\000t\000\352\000n\000c\000i\000a}{section.3.26}% 162
\BOOKMARK [2][-]{subsection.3.26.4}{\376\377\000T\000r\000a\000n\000s\000f\000o\000r\000m\000a\000\347\000\365\000e\000s\000\040\000N\000a\000t\000u\000r\000a\000i\000s}{section.3.26}% 163
\BOOKMARK [1][-]{section.3.27}{\376\377\000F\000u\000n\000t\000o\000r\000\040\000U\0001\000,\000\040\000U\0002\000:\000\040\000D\000I\000M\000a\000g\000\040\000-\000>\000\040\000M\000a\000g}{chapter.3}% 164
\BOOKMARK [2][-]{subsection.3.27.1}{\376\377\000D\000e\000s\000c\000r\000i\000\347\000\343\000o\000\040\000d\000a\000s\000\040\000C\000a\000t\000e\000g\000o\000r\000i\000a\000s}{section.3.27}% 165
\BOOKMARK [2][-]{subsection.3.27.2}{\376\377\000F\000u\000n\000t\000o\000r\000e\000s\000\040\000C\000o\000v\000a\000r\000i\000a\000n\000t\000e\000s\000\040\000U\0001\000,\000\040\000U\0002\000:\000\040\000D\000I\000M\000a\000g\000\040\000-\000>\000\040\000M\000a\000g}{section.3.27}% 166
\BOOKMARK [2][-]{subsection.3.27.3}{\376\377\000F\000u\000n\000t\000o\000r\000\040\000D\000i\000a\000g\000o\000n\000a\000l\000\040\000D\000e\000l\000t\000a\000:\000\040\000M\000a\000g\000\040\000-\000>\000\040\000D\000I\000M\000a\000g}{section.3.27}% 167
\BOOKMARK [2][-]{subsection.3.27.4}{\376\377\000T\000r\000a\000n\000s\000f\000o\000r\000m\000a\000\347\000\365\000e\000s\000\040\000N\000a\000t\000u\000r\000a\000i\000s\000\040\000e\000t\000a\000:\000\040\000U\0001\000\040\000=\000>\000\040\000U\0002}{section.3.27}% 168
\BOOKMARK [1][-]{section.3.28}{\376\377\000F\000u\000n\000t\000o\000r\000\040\000I\000:\000\040\000D\000L\000a\000t\000\040\000-\000>\000\040\000L\000a\000t\000\040\000e\000\040\000D\000:\000\040\000L\000a\000t\000\040\000-\000>\000\040\000D\000L\000a\000t}{chapter.3}% 169
\BOOKMARK [2][-]{subsection.3.28.1}{\376\377\000D\000e\000s\000c\000r\000i\000\347\000\343\000o\000\040\000d\000a\000s\000\040\000C\000a\000t\000e\000g\000o\000r\000i\000a\000s}{section.3.28}% 170
\BOOKMARK [2][-]{subsection.3.28.2}{\376\377\000F\000u\000n\000t\000o\000r\000\040\000d\000e\000\040\000I\000n\000c\000l\000u\000s\000\343\000o\000\040\000I\000:\000\040\000D\000L\000a\000t\000\040\000-\000>\000\040\000L\000a\000t}{section.3.28}% 171
\BOOKMARK [2][-]{subsection.3.28.3}{\376\377\000R\000e\000f\000l\000e\000c\000t\000o\000r\000\040\000D\000i\000s\000t\000r\000i\000b\000u\000t\000i\000v\000o\000\040\000D\000:\000\040\000L\000a\000t\000\040\000-\000>\000\040\000D\000L\000a\000t}{section.3.28}% 172
\BOOKMARK [2][-]{subsection.3.28.4}{\376\377\000T\000r\000a\000n\000s\000f\000o\000r\000m\000a\000\347\000\365\000e\000s\000\040\000N\000a\000t\000u\000r\000a\000i\000s\000\040\000q\000:\000\040\000I\000d\000\040\000-\000>\000\040\000I\000\040\000.\000\040\000D}{section.3.28}% 173
\BOOKMARK [1][-]{section.3.29}{\376\377\000F\000u\000n\000t\000o\000r\000\040\000Z\000:\000\040\000D\000L\000a\000t\000\040\000-\000>\000\040\000B\000o\000o\000l}{chapter.3}% 174
\BOOKMARK [2][-]{subsection.3.29.1}{\376\377\000D\000e\000s\000c\000r\000i\000\347\000\343\000o\000\040\000d\000a\000s\000\040\000C\000a\000t\000e\000g\000o\000r\000i\000a\000s}{section.3.29}% 175
\BOOKMARK [2][-]{subsection.3.29.2}{\376\377\000F\000u\000n\000t\000o\000r\000\040\000C\000o\000v\000a\000r\000i\000a\000n\000t\000e\000\040\000Z\000:\000\040\000D\000L\000a\000t\000\040\000-\000>\000\040\000B\000o\000o\000l\000\040\000\050\000C\000e\000n\000t\000r\000o\000\040\000B\000o\000o\000l\000e\000a\000n\000o\000\051}{section.3.29}% 176
\BOOKMARK [2][-]{subsection.3.29.3}{\376\377\000F\000u\000n\000t\000o\000r\000\040\000d\000e\000\040\000E\000s\000q\000u\000e\000c\000i\000m\000e\000n\000t\000o\000\040\000J\000:\000\040\000B\000o\000o\000l\000\040\000-\000>\000\040\000D\000L\000a\000t}{section.3.29}% 177
\BOOKMARK [2][-]{subsection.3.29.4}{\376\377\000T\000r\000a\000n\000s\000f\000o\000r\000m\000a\000\347\000\365\000e\000s\000\040\000N\000a\000t\000u\000r\000a\000i\000s\000\040\000i\000o\000t\000a\000:\000\040\000J\000Z\000\040\000=\000>\000\040\000I\000d}{section.3.29}% 178
\BOOKMARK [1][-]{section.3.30}{\376\377\000F\000u\000n\000t\000o\000r\000\040\000F\000:\000\040\000T\000u\000r\000i\000n\000g\000\040\000M\000a\000c\000h\000i\000n\000e\000s\000\040\000-\000>\000\040\000S\000t\000r\000u\000c\000t}{chapter.3}% 179
\BOOKMARK [2][-]{subsection.3.30.1}{\376\377\000F\000u\000n\000d\000a\000m\000e\000n\000t\000a\000\347\000\343\000o\000\040\000T\000e\000\363\000r\000i\000c\000a}{section.3.30}% 180
\BOOKMARK [2][-]{subsection.3.30.2}{\376\377\000F\000u\000n\000t\000o\000r\000\040\000C\000o\000v\000a\000r\000i\000a\000n\000t\000e\000\040\000F\000:\000\040\000T\000u\000r\000i\000n\000g\000\040\000M\000a\000c\000h\000i\000n\000e\000s\000\040\000-\000>\000\040\000S\000t\000r\000u\000c\000t}{section.3.30}% 181
\BOOKMARK [2][-]{subsection.3.30.3}{\376\377\000F\000u\000n\000t\000o\000r\000\040\000C\000o\000n\000t\000r\000a\000v\000a\000r\000i\000a\000n\000t\000e\000\040\040\024\000\040\000A\000n\000\341\000l\000i\000s\000e\000\040\000d\000e\000\040\000E\000x\000i\000s\000t\000\352\000n\000c\000i\000a}{section.3.30}% 182
\BOOKMARK [2][-]{subsection.3.30.4}{\376\377\000T\000r\000a\000n\000s\000f\000o\000r\000m\000a\000\347\000\365\000e\000s\000\040\000N\000a\000t\000u\000r\000a\000i\000s}{section.3.30}% 183
\BOOKMARK [1][-]{section.3.31}{\376\377\000F\000u\000n\000t\000o\000r\000\040\000F\000:\000\040\000E\000n\000d\000\040\000-\000>\000\040\000M\000o\000n}{chapter.3}% 184
\BOOKMARK [2][-]{subsection.3.31.1}{\376\377\000F\000u\000n\000d\000a\000m\000e\000n\000t\000a\000\347\000\343\000o\000\040\000T\000e\000\363\000r\000i\000c\000a}{section.3.31}% 185
\BOOKMARK [2][-]{subsection.3.31.2}{\376\377\000F\000u\000n\000t\000o\000r\000\040\000C\000o\000v\000a\000r\000i\000a\000n\000t\000e\000\040\000F\000:\000\040\000E\000n\000d\000\040\000-\000>\000\040\000M\000o\000n}{section.3.31}% 186
\BOOKMARK [2][-]{subsection.3.31.3}{\376\377\000F\000u\000n\000t\000o\000r\000\040\000C\000o\000n\000t\000r\000a\000v\000a\000r\000i\000a\000n\000t\000e\000\040\040\024\000\040\000A\000n\000\341\000l\000i\000s\000e\000\040\000d\000e\000\040\000E\000x\000i\000s\000t\000\352\000n\000c\000i\000a}{section.3.31}% 187
\BOOKMARK [2][-]{subsection.3.31.4}{\376\377\000T\000r\000a\000n\000s\000f\000o\000r\000m\000a\000\347\000\365\000e\000s\000\040\000N\000a\000t\000u\000r\000a\000i\000s}{section.3.31}% 188
\BOOKMARK [1][-]{section.3.32}{\376\377\000F\000u\000n\000t\000o\000r\000\040\000F\000:\000\040\000E\000n\000d\000\040\000-\000>\000\040\000T\000r\000e\000e\000s}{chapter.3}% 189
\BOOKMARK [2][-]{subsection.3.32.1}{\376\377\000F\000u\000n\000d\000a\000m\000e\000n\000t\000a\000\347\000\343\000o\000\040\000T\000e\000\363\000r\000i\000c\000a}{section.3.32}% 190
\BOOKMARK [2][-]{subsection.3.32.2}{\376\377\000F\000u\000n\000t\000o\000r\000\040\000C\000o\000v\000a\000r\000i\000a\000n\000t\000e\000\040\000F\000:\000\040\000E\000n\000d\000\040\000-\000>\000\040\000T\000r\000e\000e\000s}{section.3.32}% 191
\BOOKMARK [2][-]{subsection.3.32.3}{\376\377\000F\000u\000n\000t\000o\000r\000\040\000C\000o\000n\000t\000r\000a\000v\000a\000r\000i\000a\000n\000t\000e\000\040\040\024\000\040\000A\000n\000\341\000l\000i\000s\000e\000\040\000d\000e\000\040\000E\000x\000i\000s\000t\000\352\000n\000c\000i\000a}{section.3.32}% 192
\BOOKMARK [2][-]{subsection.3.32.4}{\376\377\000T\000r\000a\000n\000s\000f\000o\000r\000m\000a\000\347\000\365\000e\000s\000\040\000N\000a\000t\000u\000r\000a\000i\000s}{section.3.32}% 193
\BOOKMARK [1][-]{section.3.33}{\376\377\000F\000u\000n\000t\000o\000r\000\040\000F\000:\000\040\000E\000n\000d\000\040\000-\000>\000\040\000T\000u\000r\000i\000n\000g\000\040\000M\000a\000c\000h\000i\000n\000e\000s}{chapter.3}% 194
\BOOKMARK [2][-]{subsection.3.33.1}{\376\377\000F\000u\000n\000d\000a\000m\000e\000n\000t\000a\000\347\000\343\000o\000\040\000T\000e\000\363\000r\000i\000c\000a}{section.3.33}% 195
\BOOKMARK [2][-]{subsection.3.33.2}{\376\377\000F\000u\000n\000t\000o\000r\000\040\000C\000o\000v\000a\000r\000i\000a\000n\000t\000e\000\040\000F\000:\000\040\000E\000n\000d\000\040\000-\000>\000\040\000T\000u\000r\000i\000n\000g\000\040\000M\000a\000c\000h\000i\000n\000e\000s}{section.3.33}% 196
\BOOKMARK [2][-]{subsection.3.33.3}{\376\377\000F\000u\000n\000t\000o\000r\000\040\000C\000o\000n\000t\000r\000a\000v\000a\000r\000i\000a\000n\000t\000e\000\040\040\024\000\040\000A\000n\000\341\000l\000i\000s\000e\000\040\000d\000e\000\040\000E\000x\000i\000s\000t\000\352\000n\000c\000i\000a}{section.3.33}% 197
\BOOKMARK [2][-]{subsection.3.33.4}{\376\377\000T\000r\000a\000n\000s\000f\000o\000r\000m\000a\000\347\000\365\000e\000s\000\040\000N\000a\000t\000u\000r\000a\000i\000s}{section.3.33}% 198
